This file contains any messages produced by compilers while
running configure, to aid debugging if configure makes a mistake.

It was created by configure, which was
generated by GNU Autoconf 2.61.  Invocation command line was

  $ ./configure --prefix=/usr --datarootdir=${prefix}/share/

## --------- ##
## Platform. ##
## --------- ##

hostname = samsung
uname -m = x86_64
uname -r = 4.1.5-1-ARCH
uname -s = Linux
uname -v = #1 SMP PREEMPT Tue Aug 11 15:41:14 CEST 2015

/usr/bin/uname -p = unknown
/bin/uname -X     = unknown

/bin/arch              = unknown
/usr/bin/arch -k       = unknown
/usr/convex/getsysinfo = unknown
/usr/bin/hostinfo      = unknown
/bin/machine           = unknown
/usr/bin/oslevel       = unknown
/bin/universe          = unknown

PATH: /bin
PATH: /usr/bin
PATH: /usr/local/bin
PATH: /sbin
PATH: /usr/sbin
PATH: /usr/local/sbin
PATH: /usr/games
PATH: /opt
PATH: /home/babendro/bin
PATH: /usr/bin/core_perl


## ----------- ##
## Core tests. ##
## ----------- ##

configure:1650: checking for perl
configure:1668: found /bin/perl
configure:1680: result: /bin/perl
configure:1732: checking for a BSD-compatible install
configure:1788: result: /bin/install -c
configure:1943: creating ./config.status

## ---------------------- ##
## Running config.status. ##
## ---------------------- ##

This file was extended by config.status, which was
generated by GNU Autoconf 2.61.  Invocation command line was

  CONFIG_FILES    = 
  CONFIG_HEADERS  = 
  CONFIG_LINKS    = 
  CONFIG_COMMANDS = 
  $ ./config.status 

on samsung

config.status:599: creating Makefile
config.status:599: creating filepp
config.status:599: creating tests/Makefile
config.status:599: creating modules/bigdef/Makefile
config.status:599: creating modules/bigfunc/Makefile
config.status:599: creating modules/blc/Makefile
config.status:599: creating modules/case/Makefile
config.status:599: creating modules/cmacros/Makefile
config.status:599: creating modules/comment/Makefile
config.status:599: creating modules/cpp/Makefile
config.status:599: creating modules/defplus/Makefile
config.status:599: creating modules/for/Makefile
config.status:599: creating modules/foreach/Makefile
config.status:599: creating modules/format/Makefile
config.status:599: creating modules/function/Makefile
config.status:599: creating modules/grab/Makefile
config.status:599: creating modules/literal/Makefile
config.status:599: creating modules/maths/Makefile
config.status:599: creating modules/regexp/Makefile
config.status:784: executing default commands

## ---------------- ##
## Cache variables. ##
## ---------------- ##

ac_cv_env_build_alias_set=
ac_cv_env_build_alias_value=
ac_cv_env_host_alias_set=
ac_cv_env_host_alias_value=
ac_cv_env_target_alias_set=
ac_cv_env_target_alias_value=
ac_cv_path_PERL=/bin/perl
ac_cv_path_install='/bin/install -c'

## ----------------- ##
## Output variables. ##
## ----------------- ##

DEFS='-DPACKAGE_NAME=\"\" -DPACKAGE_TARNAME=\"\" -DPACKAGE_VERSION=\"\" -DPACKAGE_STRING=\"\" -DPACKAGE_BUGREPORT=\"\"'
ECHO_C=''
ECHO_N='-n'
ECHO_T=''
INSTALL_DATA='${INSTALL} -m 644'
INSTALL_PROGRAM='${INSTALL}'
INSTALL_SCRIPT='${INSTALL}'
LIBOBJS=''
LIBS=''
LTLIBOBJS=''
PACKAGE_BUGREPORT=''
PACKAGE_NAME=''
PACKAGE_STRING=''
PACKAGE_TARNAME=''
PACKAGE_VERSION=''
PATH_SEPARATOR=':'
PERL='/bin/perl'
SHELL='/bin/sh'
VERSION='1.8.0'
bindir='${exec_prefix}/bin'
build_alias=''
datadir='${datarootdir}'
datarootdir='${prefix}/share/'
diff='diff'
docdir='${datarootdir}/doc/${PACKAGE}'
dvidir='${docdir}'
echo='echo'
exec_prefix='${prefix}'
host_alias=''
htmldir='${docdir}'
includedir='${prefix}/include'
infodir='${datarootdir}/info'
libdir='${exec_prefix}/lib'
libexecdir='${exec_prefix}/libexec'
localedir='${datarootdir}/locale'
localstatedir='${prefix}/var'
mandir='${datarootdir}/man'
module_subdirs='modules/bigdef modules/bigfunc modules/blc modules/case modules/cmacros modules/comment modules/cpp modules/defplus modules/for modules/foreach modules/format modules/function modules/grab modules/literal modules/maths modules/regexp'
moduledir='${prefix}/share//filepp/modules'
oldincludedir='/usr/include'
pdfdir='${docdir}'
prefix='/usr'
program_transform_name='s,x,x,'
psdir='${docdir}'
rm='rm -fr'
sbindir='${exec_prefix}/sbin'
sharedstatedir='${prefix}/com'
sysconfdir='${prefix}/etc'
target_alias=''

## ----------- ##
## confdefs.h. ##
## ----------- ##

#define PACKAGE_NAME ""
#define PACKAGE_TARNAME ""
#define PACKAGE_VERSION ""
#define PACKAGE_STRING ""
#define PACKAGE_BUGREPORT ""

configure: exit 0
